\BOOKMARK [0][-]{chapter.1}{\376\377\000N\000a\000m\000e\000s\000p\000a\000c\000e\000\040\000I\000n\000d\000e\000x}{}% 1
\BOOKMARK [1][-]{section.1.1}{\376\377\000N\000a\000m\000e\000s\000p\000a\000c\000e\000\040\000L\000i\000s\000t}{chapter.1}% 2
\BOOKMARK [0][-]{chapter.2}{\376\377\000C\000l\000a\000s\000s\000\040\000I\000n\000d\000e\000x}{}% 3
\BOOKMARK [1][-]{section.2.1}{\376\377\000C\000l\000a\000s\000s\000\040\000L\000i\000s\000t}{chapter.2}% 4
\BOOKMARK [0][-]{chapter.3}{\376\377\000F\000i\000l\000e\000\040\000I\000n\000d\000e\000x}{}% 5
\BOOKMARK [1][-]{section.3.1}{\376\377\000F\000i\000l\000e\000\040\000L\000i\000s\000t}{chapter.3}% 6
\BOOKMARK [0][-]{chapter.4}{\376\377\000N\000a\000m\000e\000s\000p\000a\000c\000e\000\040\000D\000o\000c\000u\000m\000e\000n\000t\000a\000t\000i\000o\000n}{}% 7
\BOOKMARK [1][-]{section.4.1}{\376\377\000o\000p\000e\000\040\000N\000a\000m\000e\000s\000p\000a\000c\000e\000\040\000R\000e\000f\000e\000r\000e\000n\000c\000e}{chapter.4}% 8
\BOOKMARK [2][-]{subsection.4.1.1}{\376\377\000D\000e\000t\000a\000i\000l\000e\000d\000\040\000D\000e\000s\000c\000r\000i\000p\000t\000i\000o\000n}{section.4.1}% 9
\BOOKMARK [2][-]{subsection.4.1.2}{\376\377\000F\000u\000n\000c\000t\000i\000o\000n\000\040\000D\000o\000c\000u\000m\000e\000n\000t\000a\000t\000i\000o\000n}{section.4.1}% 10
\BOOKMARK [3][-]{subsubsection.4.1.2.1}{\376\377\000e\000r\000r\000o\000r\000F\000u\000n\000c}{subsection.4.1.2}% 11
\BOOKMARK [3][-]{subsubsection.4.1.2.2}{\376\377\000e\000s\000t\000i\000m\000a\000t\000e\000P\000a\000r\000a\000m\000e\000t\000e\000r\000s}{subsection.4.1.2}% 12
\BOOKMARK [3][-]{subsubsection.4.1.2.3}{\376\377\000e\000s\000t\000i\000m\000a\000t\000e\000P\000a\000r\000a\000m\000e\000t\000e\000r\000s\000N\000e\000w}{subsection.4.1.2}% 13
\BOOKMARK [3][-]{subsubsection.4.1.2.4}{\376\377\000i\000n\000i\000t\000i\000a\000l\000i\000z\000e\000M\000i\000n\000i\000m\000i\000z\000a\000t\000i\000o\000n\000P\000a\000r\000a\000m\000e\000t\000e\000r\000s}{subsection.4.1.2}% 14
\BOOKMARK [3][-]{subsubsection.4.1.2.5}{\376\377\000m\000r\000q\000m\000i\000n}{subsection.4.1.2}% 15
\BOOKMARK [3][-]{subsubsection.4.1.2.6}{\376\377\000p\000e\000r\000f\000o\000r\000m\000S\000h\000a\000p\000e\000F\000i\000t\000t\000i\000n\000g}{subsection.4.1.2}% 16
\BOOKMARK [0][-]{chapter.5}{\376\377\000C\000l\000a\000s\000s\000\040\000D\000o\000c\000u\000m\000e\000n\000t\000a\000t\000i\000o\000n}{}% 17
\BOOKMARK [1][-]{section.5.1}{\376\377\000o\000p\000e\000:\000:\000B\000o\000u\000n\000d\000i\000n\000g\000B\000o\000x\000\040\000C\000l\000a\000s\000s\000\040\000R\000e\000f\000e\000r\000e\000n\000c\000e}{chapter.5}% 18
\BOOKMARK [2][-]{subsection.5.1.1}{\376\377\000D\000e\000t\000a\000i\000l\000e\000d\000\040\000D\000e\000s\000c\000r\000i\000p\000t\000i\000o\000n}{section.5.1}% 19
\BOOKMARK [1][-]{section.5.2}{\376\377\000o\000p\000e\000:\000:\000M\000i\000n\000i\000m\000i\000z\000a\000t\000i\000o\000n\000P\000a\000r\000a\000m\000e\000t\000e\000r\000s\000\040\000S\000t\000r\000u\000c\000t\000\040\000R\000e\000f\000e\000r\000e\000n\000c\000e}{chapter.5}% 20
\BOOKMARK [2][-]{subsection.5.2.1}{\376\377\000D\000e\000t\000a\000i\000l\000e\000d\000\040\000D\000e\000s\000c\000r\000i\000p\000t\000i\000o\000n}{section.5.2}% 21
\BOOKMARK [1][-]{section.5.3}{\376\377\000o\000p\000e\000:\000:\000M\000P\000o\000i\000n\000t\000\040\000C\000l\000a\000s\000s\000\040\000R\000e\000f\000e\000r\000e\000n\000c\000e}{chapter.5}% 22
\BOOKMARK [2][-]{subsection.5.3.1}{\376\377\000D\000e\000t\000a\000i\000l\000e\000d\000\040\000D\000e\000s\000c\000r\000i\000p\000t\000i\000o\000n}{section.5.3}% 23
\BOOKMARK [1][-]{section.5.4}{\376\377\000o\000p\000e\000:\000:\000O\000b\000j\000e\000c\000t\000M\000o\000d\000e\000l\000G\000e\000n\000e\000r\000a\000t\000o\000r\000<\000\040\000P\000o\000i\000n\000t\000T\000y\000p\000e\000\040\000>\000\040\000C\000l\000a\000s\000s\000\040\000T\000e\000m\000p\000l\000a\000t\000e\000\040\000R\000e\000f\000e\000r\000e\000n\000c\000e}{chapter.5}% 24
\BOOKMARK [2][-]{subsection.5.4.1}{\376\377\000D\000e\000t\000a\000i\000l\000e\000d\000\040\000D\000e\000s\000c\000r\000i\000p\000t\000i\000o\000n}{section.5.4}% 25
\BOOKMARK [2][-]{subsection.5.4.2}{\376\377\000M\000e\000m\000b\000e\000r\000\040\000D\000a\000t\000a\000\040\000D\000o\000c\000u\000m\000e\000n\000t\000a\000t\000i\000o\000n}{section.5.4}% 26
\BOOKMARK [3][-]{subsubsection.5.4.2.1}{\376\377\000o\000b\000j\000e\000c\000t\000s}{subsection.5.4.2}% 27
\BOOKMARK [1][-]{section.5.5}{\376\377\000o\000p\000e\000:\000:\000O\000b\000j\000e\000c\000t\000P\000o\000s\000e\000E\000s\000t\000i\000m\000a\000t\000o\000r\000\040\000C\000l\000a\000s\000s\000\040\000R\000e\000f\000e\000r\000e\000n\000c\000e}{chapter.5}% 28
\BOOKMARK [2][-]{subsection.5.5.1}{\376\377\000D\000e\000t\000a\000i\000l\000e\000d\000\040\000D\000e\000s\000c\000r\000i\000p\000t\000i\000o\000n}{section.5.5}% 29
\BOOKMARK [2][-]{subsection.5.5.2}{\376\377\000M\000e\000m\000b\000e\000r\000\040\000F\000u\000n\000c\000t\000i\000o\000n\000\040\000D\000o\000c\000u\000m\000e\000n\000t\000a\000t\000i\000o\000n}{section.5.5}% 30
\BOOKMARK [3][-]{subsubsection.5.5.2.1}{\376\377\000\137\000\137\000d\000e\000c\000l\000s\000p\000e\000c}{subsection.5.5.2}% 31
\BOOKMARK [1][-]{section.5.6}{\376\377\000O\000b\000j\000e\000c\000t\000S\000e\000l\000e\000c\000t\000o\000r\000\040\000C\000l\000a\000s\000s\000\040\000R\000e\000f\000e\000r\000e\000n\000c\000e}{chapter.5}% 32
\BOOKMARK [2][-]{subsection.5.6.1}{\376\377\000D\000e\000t\000a\000i\000l\000e\000d\000\040\000D\000e\000s\000c\000r\000i\000p\000t\000i\000o\000n}{section.5.6}% 33
\BOOKMARK [1][-]{section.5.7}{\376\377\000o\000p\000e\000:\000:\000O\000P\000E\000S\000e\000t\000t\000i\000n\000g\000s\000\040\000C\000l\000a\000s\000s\000\040\000R\000e\000f\000e\000r\000e\000n\000c\000e}{chapter.5}% 34
\BOOKMARK [2][-]{subsection.5.7.1}{\376\377\000D\000e\000t\000a\000i\000l\000e\000d\000\040\000D\000e\000s\000c\000r\000i\000p\000t\000i\000o\000n}{section.5.7}% 35
\BOOKMARK [2][-]{subsection.5.7.2}{\376\377\000C\000o\000n\000s\000t\000r\000u\000c\000t\000o\000r\000\040\000\046\000\040\000D\000e\000s\000t\000r\000u\000c\000t\000o\000r\000\040\000D\000o\000c\000u\000m\000e\000n\000t\000a\000t\000i\000o\000n}{section.5.7}% 36
\BOOKMARK [3][-]{subsubsection.5.7.2.1}{\376\377\000O\000P\000E\000S\000e\000t\000t\000i\000n\000g\000s}{subsection.5.7.2}% 37
\BOOKMARK [1][-]{section.5.8}{\376\377\000o\000p\000e\000:\000:\000P\000a\000r\000a\000m\000e\000t\000e\000r\000L\000i\000m\000i\000t\000s\000\040\000S\000t\000r\000u\000c\000t\000\040\000R\000e\000f\000e\000r\000e\000n\000c\000e}{chapter.5}% 38
\BOOKMARK [2][-]{subsection.5.8.1}{\376\377\000D\000e\000t\000a\000i\000l\000e\000d\000\040\000D\000e\000s\000c\000r\000i\000p\000t\000i\000o\000n}{section.5.8}% 39
\BOOKMARK [1][-]{section.5.9}{\376\377\000o\000p\000e\000:\000:\000P\000l\000a\000n\000e\000\040\000C\000l\000a\000s\000s\000\040\000R\000e\000f\000e\000r\000e\000n\000c\000e}{chapter.5}% 40
\BOOKMARK [2][-]{subsection.5.9.1}{\376\377\000D\000e\000t\000a\000i\000l\000e\000d\000\040\000D\000e\000s\000c\000r\000i\000p\000t\000i\000o\000n}{section.5.9}% 41
\BOOKMARK [2][-]{subsection.5.9.2}{\376\377\000M\000e\000m\000b\000e\000r\000\040\000F\000u\000n\000c\000t\000i\000o\000n\000\040\000D\000o\000c\000u\000m\000e\000n\000t\000a\000t\000i\000o\000n}{section.5.9}% 42
\BOOKMARK [3][-]{subsubsection.5.9.2.1}{\376\377\000d\000i\000s\000t\000a\000n\000c\000e\000T\000o\000P\000l\000a\000n\000e}{subsection.5.9.2}% 43
\BOOKMARK [3][-]{subsubsection.5.9.2.2}{\376\377\000i\000n\000t\000e\000r\000s\000e\000c\000t\000i\000o\000n\000W\000i\000t\000h\000L\000i\000n\000e}{subsection.5.9.2}% 44
\BOOKMARK [3][-]{subsubsection.5.9.2.3}{\376\377\000i\000s\000V\000a\000l\000i\000d}{subsection.5.9.2}% 45
\BOOKMARK [3][-]{subsubsection.5.9.2.4}{\376\377\000n\000o\000r\000m\000a\000l}{subsection.5.9.2}% 46
\BOOKMARK [1][-]{section.5.10}{\376\377\000P\000o\000i\000n\000t\000C\000l\000o\000u\000d\000<\000\040\000P\000o\000i\000n\000t\000X\000Y\000Z\000R\000G\000B\000\040\000>\000\040\000C\000l\000a\000s\000s\000\040\000T\000e\000m\000p\000l\000a\000t\000e\000\040\000R\000e\000f\000e\000r\000e\000n\000c\000e}{chapter.5}% 47
\BOOKMARK [1][-]{section.5.11}{\376\377\000o\000p\000e\000:\000:\000P\000o\000i\000n\000t\000C\000l\000o\000u\000d\000C\000a\000p\000t\000u\000r\000e\000\040\000C\000l\000a\000s\000s\000\040\000R\000e\000f\000e\000r\000e\000n\000c\000e}{chapter.5}% 48
\BOOKMARK [2][-]{subsection.5.11.1}{\376\377\000D\000e\000t\000a\000i\000l\000e\000d\000\040\000D\000e\000s\000c\000r\000i\000p\000t\000i\000o\000n}{section.5.11}% 49
\BOOKMARK [2][-]{subsection.5.11.2}{\376\377\000M\000e\000m\000b\000e\000r\000\040\000F\000u\000n\000c\000t\000i\000o\000n\000\040\000D\000o\000c\000u\000m\000e\000n\000t\000a\000t\000i\000o\000n}{section.5.11}% 50
\BOOKMARK [3][-]{subsubsection.5.11.2.1}{\376\377\000r\000u\000n}{subsection.5.11.2}% 51
\BOOKMARK [1][-]{section.5.12}{\376\377\000o\000p\000e\000:\000:\000S\000Q\000F\000i\000t\000t\000i\000n\000g\000T\000h\000r\000e\000a\000d\000I\000n\000f\000o\000\040\000S\000t\000r\000u\000c\000t\000\040\000R\000e\000f\000e\000r\000e\000n\000c\000e}{chapter.5}% 52
\BOOKMARK [2][-]{subsection.5.12.1}{\376\377\000D\000e\000t\000a\000i\000l\000e\000d\000\040\000D\000e\000s\000c\000r\000i\000p\000t\000i\000o\000n}{section.5.12}% 53
\BOOKMARK [1][-]{section.5.13}{\376\377\000o\000p\000e\000:\000:\000S\000Q\000P\000a\000r\000a\000m\000e\000t\000e\000r\000s\000\040\000C\000l\000a\000s\000s\000\040\000R\000e\000f\000e\000r\000e\000n\000c\000e}{chapter.5}% 54
\BOOKMARK [2][-]{subsection.5.13.1}{\376\377\000D\000e\000t\000a\000i\000l\000e\000d\000\040\000D\000e\000s\000c\000r\000i\000p\000t\000i\000o\000n}{section.5.13}% 55
\BOOKMARK [1][-]{section.5.14}{\376\377\000o\000p\000e\000:\000:\000T\000a\000b\000l\000e\000O\000b\000j\000e\000c\000t\000D\000e\000t\000e\000c\000t\000o\000r\000<\000\040\000P\000o\000i\000n\000t\000T\000y\000p\000e\000\040\000>\000\040\000C\000l\000a\000s\000s\000\040\000T\000e\000m\000p\000l\000a\000t\000e\000\040\000R\000e\000f\000e\000r\000e\000n\000c\000e}{chapter.5}% 56
\BOOKMARK [2][-]{subsection.5.14.1}{\376\377\000D\000e\000t\000a\000i\000l\000e\000d\000\040\000D\000e\000s\000c\000r\000i\000p\000t\000i\000o\000n}{section.5.14}% 57
\BOOKMARK [1][-]{section.5.15}{\376\377\000o\000p\000e\000:\000:\000T\000a\000b\000l\000e\000O\000b\000j\000e\000c\000t\000M\000o\000d\000e\000l\000<\000\040\000P\000o\000i\000n\000t\000T\000y\000p\000e\000\040\000>\000\040\000C\000l\000a\000s\000s\000\040\000T\000e\000m\000p\000l\000a\000t\000e\000\040\000R\000e\000f\000e\000r\000e\000n\000c\000e}{chapter.5}% 58
\BOOKMARK [2][-]{subsection.5.15.1}{\376\377\000D\000e\000t\000a\000i\000l\000e\000d\000\040\000D\000e\000s\000c\000r\000i\000p\000t\000i\000o\000n}{section.5.15}% 59
\BOOKMARK [1][-]{section.5.16}{\376\377\000o\000p\000e\000:\000:\000U\000t\000i\000l\000s\000\040\000C\000l\000a\000s\000s\000\040\000R\000e\000f\000e\000r\000e\000n\000c\000e}{chapter.5}% 60
\BOOKMARK [2][-]{subsection.5.16.1}{\376\377\000D\000e\000t\000a\000i\000l\000e\000d\000\040\000D\000e\000s\000c\000r\000i\000p\000t\000i\000o\000n}{section.5.16}% 61
\BOOKMARK [2][-]{subsection.5.16.2}{\376\377\000M\000e\000m\000b\000e\000r\000\040\000F\000u\000n\000c\000t\000i\000o\000n\000\040\000D\000o\000c\000u\000m\000e\000n\000t\000a\000t\000i\000o\000n}{section.5.16}% 62
\BOOKMARK [3][-]{subsubsection.5.16.2.1}{\376\377\000c\000o\000n\000v\000e\000r\000t\000P\000o\000i\000n\000t\000C\000l\000o\000u\000d}{subsection.5.16.2}% 63
\BOOKMARK [3][-]{subsubsection.5.16.2.2}{\376\377\000t\000r\000a\000n\000s\000f\000o\000r\000m\000P\000o\000i\000n\000t\000C\000l\000o\000u\000d}{subsection.5.16.2}% 64
\BOOKMARK [0][-]{chapter.6}{\376\377\000F\000i\000l\000e\000\040\000D\000o\000c\000u\000m\000e\000n\000t\000a\000t\000i\000o\000n}{}% 65
\BOOKMARK [1][-]{section.6.1}{\376\377\000O\000b\000j\000e\000c\000t\000P\000o\000s\000e\000E\000s\000t\000i\000m\000a\000t\000i\000o\000n\000/\000M\000a\000i\000n\000.\000c\000p\000p\000\040\000F\000i\000l\000e\000\040\000R\000e\000f\000e\000r\000e\000n\000c\000e}{chapter.6}% 66
\BOOKMARK [2][-]{subsection.6.1.1}{\376\377\000D\000e\000t\000a\000i\000l\000e\000d\000\040\000D\000e\000s\000c\000r\000i\000p\000t\000i\000o\000n}{section.6.1}% 67
\BOOKMARK [1][-]{section.6.2}{\376\377\000O\000b\000j\000e\000c\000t\000P\000o\000s\000e\000E\000s\000t\000i\000m\000a\000t\000i\000o\000n\000/\000T\000a\000b\000l\000e\000O\000b\000j\000e\000c\000t\000D\000e\000t\000e\000c\000t\000o\000r\000.\000h\000p\000p\000\040\000F\000i\000l\000e\000\040\000R\000e\000f\000e\000r\000e\000n\000c\000e}{chapter.6}% 68
\BOOKMARK [2][-]{subsection.6.2.1}{\376\377\000D\000e\000t\000a\000i\000l\000e\000d\000\040\000D\000e\000s\000c\000r\000i\000p\000t\000i\000o\000n}{section.6.2}% 69
\BOOKMARK [-1][-]{subsection.6.2.1}{\376\377\000I\000n\000d\000e\000x}{}% 70
